# JRE version: OpenJDK Runtime Environment (11.0.10) (build 11.0.10+0-b96-7249189)
# Java VM: OpenJDK 64-Bit Server VM (11.0.10+0-b96-7249189, mixed mode, tiered, compressed oops, g1 gc, windows-amd64)
Heap:
 garbage-first heap   total 390144K, used 260406K [0x0000000080000000, 0x0000000100000000)
  region size 1024K, 123 young (125952K), 4 survivors (4096K)
 Metaspace       used 154332K, capacity 158086K, committed 159692K, reserved 1187840K
  class space    used 19156K, capacity 20560K, committed 20940K, reserved 1048576K
GC Heap History (20 events):
Event: 67.654 GC heap before
{Heap before GC invocations=49 (full 0):
 garbage-first heap   total 390144K, used 223216K [0x0000000080000000, 0x0000000100000000)
  region size 1024K, 39 young (39936K), 4 survivors (4096K)
 Metaspace       used 128270K, capacity 131893K, committed 132172K, reserved 1163264K
  class space    used 16092K, capacity 17425K, committed 17484K, reserved 1048576K
}
Event: 67.662 GC heap after
{Heap after GC invocations=50 (full 0):
 garbage-first heap   total 390144K, used 195139K [0x0000000080000000, 0x0000000100000000)
  region size 1024K, 10 young (10240K), 10 survivors (10240K)
 Metaspace       used 128270K, capacity 131893K, committed 132172K, reserved 1163264K
  class space    used 16092K, capacity 17425K, committed 17484K, reserved 1048576K
}
Event: 68.378 GC heap before
{Heap before GC invocations=51 (full 0):
 garbage-first heap   total 390144K, used 252483K [0x0000000080000000, 0x0000000100000000)
  region size 1024K, 62 young (63488K), 10 survivors (10240K)
 Metaspace       used 128589K, capacity 132344K, committed 132428K, reserved 1165312K
  class space    used 16122K, capacity 17468K, committed 17484K, reserved 1048576K
}
Event: 68.388 GC heap after
{Heap after GC invocations=52 (full 0):
 garbage-first heap   total 390144K, used 195286K [0x0000000080000000, 0x0000000100000000)
  region size 1024K, 1 young (1024K), 1 survivors (1024K)
 Metaspace       used 128589K, capacity 132344K, committed 132428K, reserved 1165312K
  class space    used 16122K, capacity 17468K, committed 17484K, reserved 1048576K
}
Event: 69.152 GC heap before
{Heap before GC invocations=53 (full 0):
 garbage-first heap   total 390144K, used 280278K [0x0000000080000000, 0x0000000100000000)
  region size 1024K, 82 young (83968K), 1 survivors (1024K)
 Metaspace       used 128711K, capacity 132385K, committed 132428K, reserved 1165312K
  class space    used 16131K, capacity 17478K, committed 17484K, reserved 1048576K
}
Event: 69.155 GC heap after
{Heap after GC invocations=54 (full 0):
 garbage-first heap   total 390144K, used 197774K [0x0000000080000000, 0x0000000100000000)
  region size 1024K, 2 young (2048K), 2 survivors (2048K)
 Metaspace       used 128711K, capacity 132385K, committed 132428K, reserved 1165312K
  class space    used 16131K, capacity 17478K, committed 17484K, reserved 1048576K
}
Event: 69.834 GC heap before
{Heap before GC invocations=54 (full 0):
 garbage-first heap   total 390144K, used 286862K [0x0000000080000000, 0x0000000100000000)
  region size 1024K, 89 young (91136K), 2 survivors (2048K)
 Metaspace       used 129538K, capacity 133253K, committed 133452K, reserved 1165312K
  class space    used 16256K, capacity 17613K, committed 17740K, reserved 1048576K
}
Event: 69.837 GC heap after
{Heap after GC invocations=55 (full 0):
 garbage-first heap   total 390144K, used 195305K [0x0000000080000000, 0x0000000100000000)
  region size 1024K, 1 young (1024K), 1 survivors (1024K)
 Metaspace       used 129538K, capacity 133253K, committed 133452K, reserved 1165312K
  class space    used 16256K, capacity 17613K, committed 17740K, reserved 1048576K
}
Event: 73.184 GC heap before
{Heap before GC invocations=56 (full 0):
 garbage-first heap   total 390144K, used 279273K [0x0000000080000000, 0x0000000100000000)
  region size 1024K, 97 young (99328K), 1 survivors (1024K)
 Metaspace       used 137925K, capacity 141789K, committed 142028K, reserved 1173504K
  class space    used 17255K, capacity 18633K, committed 18636K, reserved 1048576K
}
Event: 73.196 GC heap after
{Heap after GC invocations=57 (full 0):
 garbage-first heap   total 390144K, used 183842K [0x0000000080000000, 0x0000000100000000)
  region size 1024K, 5 young (5120K), 5 survivors (5120K)
 Metaspace       used 137925K, capacity 141789K, committed 142028K, reserved 1173504K
  class space    used 17255K, capacity 18633K, committed 18636K, reserved 1048576K
}
Event: 73.318 GC heap before
{Heap before GC invocations=57 (full 0):
 garbage-first heap   total 390144K, used 197154K [0x0000000080000000, 0x0000000100000000)
  region size 1024K, 19 young (19456K), 5 survivors (5120K)
 Metaspace       used 138407K, capacity 142331K, committed 142412K, reserved 1173504K
  class space    used 17317K, capacity 18707K, committed 18764K, reserved 1048576K
}
Event: 73.330 GC heap after
{Heap after GC invocations=58 (full 0):
 garbage-first heap   total 390144K, used 178737K [0x0000000080000000, 0x0000000100000000)
  region size 1024K, 3 young (3072K), 3 survivors (3072K)
 Metaspace       used 138407K, capacity 142331K, committed 142412K, reserved 1173504K
  class space    used 17317K, capacity 18707K, committed 18764K, reserved 1048576K
}
Event: 75.015 GC heap before
{Heap before GC invocations=58 (full 0):
 garbage-first heap   total 390144K, used 292401K [0x0000000080000000, 0x0000000100000000)
  region size 1024K, 112 young (114688K), 3 survivors (3072K)
 Metaspace       used 142751K, capacity 146913K, committed 147148K, reserved 1177600K
  class space    used 17830K, capacity 19326K, committed 19404K, reserved 1048576K
}
Event: 75.023 GC heap after
{Heap after GC invocations=59 (full 0):
 garbage-first heap   total 390144K, used 177261K [0x0000000080000000, 0x0000000100000000)
  region size 1024K, 2 young (2048K), 2 survivors (2048K)
 Metaspace       used 142751K, capacity 146913K, committed 147148K, reserved 1177600K
  class space    used 17830K, capacity 19326K, committed 19404K, reserved 1048576K
}
Event: 2140.303 GC heap before
{Heap before GC invocations=60 (full 0):
 garbage-first heap   total 390144K, used 296045K [0x0000000080000000, 0x0000000100000000)
  region size 1024K, 119 young (121856K), 2 survivors (2048K)
 Metaspace       used 144431K, capacity 148657K, committed 148812K, reserved 1179648K
  class space    used 17983K, capacity 19517K, committed 19532K, reserved 1048576K
}
Event: 2140.308 GC heap after
{Heap after GC invocations=61 (full 0):
 garbage-first heap   total 390144K, used 160904K [0x0000000080000000, 0x0000000100000000)
  region size 1024K, 2 young (2048K), 2 survivors (2048K)
 Metaspace       used 144431K, capacity 148657K, committed 148812K, reserved 1179648K
  class space    used 17983K, capacity 19517K, committed 19532K, reserved 1048576K
}
Event: 3065.377 GC heap before
{Heap before GC invocations=61 (full 0):
 garbage-first heap   total 390144K, used 177288K [0x0000000080000000, 0x0000000100000000)
  region size 1024K, 19 young (19456K), 2 survivors (2048K)
 Metaspace       used 144450K, capacity 148721K, committed 148812K, reserved 1179648K
  class space    used 17983K, capacity 19517K, committed 19532K, reserved 1048576K
}
Event: 3065.384 GC heap after
{Heap after GC invocations=62 (full 0):
 garbage-first heap   total 390144K, used 136655K [0x0000000080000000, 0x0000000100000000)
  region size 1024K, 2 young (2048K), 2 survivors (2048K)
 Metaspace       used 144450K, capacity 148721K, committed 148812K, reserved 1179648K
  class space    used 17983K, capacity 19517K, committed 19532K, reserved 1048576K
}
Event: 6657.827 GC heap before
{Heap before GC invocations=62 (full 0):
 garbage-first heap   total 390144K, used 223695K [0x0000000080000000, 0x0000000100000000)
  region size 1024K, 89 young (91136K), 2 survivors (2048K)
 Metaspace       used 144576K, capacity 148879K, committed 149196K, reserved 1179648K
  class space    used 18003K, capacity 19542K, committed 19660K, reserved 1048576K
}
Event: 6657.845 GC heap after
{Heap after GC invocations=63 (full 0):
 garbage-first heap   total 390144K, used 138550K [0x0000000080000000, 0x0000000100000000)
  region size 1024K, 4 young (4096K), 4 survivors (4096K)
 Metaspace       used 144576K, capacity 148879K, committed 149196K, reserved 1179648K
  class space    used 18003K, capacity 19542K, committed 19660K, reserved 1048576K
}

