# JRE version: OpenJDK Runtime Environment (11.0.10) (build 11.0.10+0-b96-7249189)
# Java VM: OpenJDK 64-Bit Server VM (11.0.10+0-b96-7249189, mixed mode, tiered, compressed oops, g1 gc, windows-amd64)
Heap:
 garbage-first heap   total 260096K, used 167116K [0x0000000080000000, 0x0000000100000000)
  region size 1024K, 45 young (46080K), 3 survivors (3072K)
 Metaspace       used 125433K, capacity 128041K, committed 129996K, reserved 1163264K
  class space    used 15326K, capacity 16306K, committed 16844K, reserved 1048576K
GC Heap History (20 events):
Event: 26.379 GC heap before
{Heap before GC invocations=15 (full 0):
 garbage-first heap   total 260096K, used 202140K [0x0000000080000000, 0x0000000100000000)
  region size 1024K, 111 young (113664K), 8 survivors (8192K)
 Metaspace       used 103450K, capacity 106262K, committed 106444K, reserved 1140736K
  class space    used 13224K, capacity 14240K, committed 14284K, reserved 1048576K
}
Event: 26.397 GC heap after
{Heap after GC invocations=16 (full 0):
 garbage-first heap   total 260096K, used 103410K [0x0000000080000000, 0x0000000100000000)
  region size 1024K, 14 young (14336K), 14 survivors (14336K)
 Metaspace       used 103450K, capacity 106262K, committed 106444K, reserved 1140736K
  class space    used 13224K, capacity 14240K, committed 14284K, reserved 1048576K
}
Event: 37.095 GC heap before
{Heap before GC invocations=16 (full 0):
 garbage-first heap   total 260096K, used 203762K [0x0000000080000000, 0x0000000100000000)
  region size 1024K, 113 young (115712K), 14 survivors (14336K)
 Metaspace       used 104076K, capacity 106951K, committed 106956K, reserved 1142784K
  class space    used 13248K, capacity 14283K, committed 14284K, reserved 1048576K
}
Event: 37.120 GC heap after
{Heap after GC invocations=17 (full 0):
 garbage-first heap   total 260096K, used 105141K [0x0000000080000000, 0x0000000100000000)
  region size 1024K, 9 young (9216K), 9 survivors (9216K)
 Metaspace       used 104076K, capacity 106951K, committed 106956K, reserved 1142784K
  class space    used 13248K, capacity 14283K, committed 14284K, reserved 1048576K
}
Event: 42.233 GC heap before
{Heap before GC invocations=17 (full 0):
 garbage-first heap   total 260096K, used 209589K [0x0000000080000000, 0x0000000100000000)
  region size 1024K, 112 young (114688K), 9 survivors (9216K)
 Metaspace       used 109298K, capacity 112225K, committed 112332K, reserved 1146880K
  class space    used 13921K, capacity 15013K, committed 15052K, reserved 1048576K
}
Event: 42.248 GC heap after
{Heap after GC invocations=18 (full 0):
 garbage-first heap   total 260096K, used 108184K [0x0000000080000000, 0x0000000100000000)
  region size 1024K, 6 young (6144K), 6 survivors (6144K)
 Metaspace       used 109298K, capacity 112225K, committed 112332K, reserved 1146880K
  class space    used 13921K, capacity 15013K, committed 15052K, reserved 1048576K
}
Event: 3719.600 GC heap before
{Heap before GC invocations=18 (full 0):
 garbage-first heap   total 260096K, used 211608K [0x0000000080000000, 0x0000000100000000)
  region size 1024K, 108 young (110592K), 6 survivors (6144K)
 Metaspace       used 113522K, capacity 116743K, committed 116812K, reserved 1150976K
  class space    used 14268K, capacity 15426K, committed 15436K, reserved 1048576K
}
Event: 3719.614 GC heap after
{Heap after GC invocations=19 (full 0):
 garbage-first heap   total 260096K, used 108626K [0x0000000080000000, 0x0000000100000000)
  region size 1024K, 6 young (6144K), 6 survivors (6144K)
 Metaspace       used 113522K, capacity 116743K, committed 116812K, reserved 1150976K
  class space    used 14268K, capacity 15426K, committed 15436K, reserved 1048576K
}
Event: 6593.836 GC heap before
{Heap before GC invocations=19 (full 0):
 garbage-first heap   total 260096K, used 215122K [0x0000000080000000, 0x0000000100000000)
  region size 1024K, 111 young (113664K), 6 survivors (6144K)
 Metaspace       used 116204K, capacity 119459K, committed 119628K, reserved 1153024K
  class space    used 14627K, capacity 15822K, committed 15948K, reserved 1048576K
}
Event: 6593.847 GC heap after
{Heap after GC invocations=20 (full 0):
 garbage-first heap   total 260096K, used 113334K [0x0000000080000000, 0x0000000100000000)
  region size 1024K, 11 young (11264K), 11 survivors (11264K)
 Metaspace       used 116204K, capacity 119459K, committed 119628K, reserved 1153024K
  class space    used 14627K, capacity 15822K, committed 15948K, reserved 1048576K
}
Event: 6595.932 GC heap before
{Heap before GC invocations=20 (full 0):
 garbage-first heap   total 260096K, used 225974K [0x0000000080000000, 0x0000000100000000)
  region size 1024K, 111 young (113664K), 11 survivors (11264K)
 Metaspace       used 118300K, capacity 121679K, committed 121804K, reserved 1155072K
  class space    used 14816K, capacity 16063K, committed 16076K, reserved 1048576K
}
Event: 6595.956 GC heap after
{Heap after GC invocations=21 (full 0):
 garbage-first heap   total 260096K, used 132684K [0x0000000080000000, 0x0000000100000000)
  region size 1024K, 14 young (14336K), 14 survivors (14336K)
 Metaspace       used 118300K, capacity 121679K, committed 121804K, reserved 1155072K
  class space    used 14816K, capacity 16063K, committed 16076K, reserved 1048576K
}
Event: 6597.032 GC heap before
{Heap before GC invocations=21 (full 0):
 garbage-first heap   total 260096K, used 208460K [0x0000000080000000, 0x0000000100000000)
  region size 1024K, 88 young (90112K), 14 survivors (14336K)
 Metaspace       used 118381K, capacity 121812K, committed 122060K, reserved 1155072K
  class space    used 14818K, capacity 16064K, committed 16076K, reserved 1048576K
}
Event: 6597.091 GC heap after
{Heap after GC invocations=22 (full 0):
 garbage-first heap   total 260096K, used 137332K [0x0000000080000000, 0x0000000100000000)
  region size 1024K, 4 young (4096K), 4 survivors (4096K)
 Metaspace       used 118381K, capacity 121812K, committed 122060K, reserved 1155072K
  class space    used 14818K, capacity 16064K, committed 16076K, reserved 1048576K
}
Event: 6598.295 GC heap before
{Heap before GC invocations=23 (full 0):
 garbage-first heap   total 260096K, used 225396K [0x0000000080000000, 0x0000000100000000)
  region size 1024K, 76 young (77824K), 4 survivors (4096K)
 Metaspace       used 120748K, capacity 123505K, committed 125388K, reserved 1159168K
  class space    used 14807K, capacity 15818K, committed 16332K, reserved 1048576K
}
Event: 6598.305 GC heap after
{Heap after GC invocations=24 (full 0):
 garbage-first heap   total 260096K, used 141802K [0x0000000080000000, 0x0000000100000000)
  region size 1024K, 8 young (8192K), 8 survivors (8192K)
 Metaspace       used 120748K, capacity 123505K, committed 125388K, reserved 1159168K
  class space    used 14807K, capacity 15818K, committed 16332K, reserved 1048576K
}
Event: 6598.338 GC heap before
{Heap before GC invocations=24 (full 0):
 garbage-first heap   total 260096K, used 145898K [0x0000000080000000, 0x0000000100000000)
  region size 1024K, 12 young (12288K), 8 survivors (8192K)
 Metaspace       used 120763K, capacity 123569K, committed 125388K, reserved 1159168K
  class space    used 14807K, capacity 15818K, committed 16332K, reserved 1048576K
}
Event: 6598.370 GC heap after
{Heap after GC invocations=25 (full 0):
 garbage-first heap   total 260096K, used 131992K [0x0000000080000000, 0x0000000100000000)
  region size 1024K, 2 young (2048K), 2 survivors (2048K)
 Metaspace       used 120763K, capacity 123569K, committed 125388K, reserved 1159168K
  class space    used 14807K, capacity 15818K, committed 16332K, reserved 1048576K
}
Event: 6599.760 GC heap before
{Heap before GC invocations=25 (full 0):
 garbage-first heap   total 260096K, used 207768K [0x0000000080000000, 0x0000000100000000)
  region size 1024K, 77 young (78848K), 2 survivors (2048K)
 Metaspace       used 123556K, capacity 126274K, committed 128076K, reserved 1161216K
  class space    used 15125K, capacity 16120K, committed 16716K, reserved 1048576K
}
Event: 6599.771 GC heap after
{Heap after GC invocations=26 (full 0):
 garbage-first heap   total 260096K, used 133324K [0x0000000080000000, 0x0000000100000000)
  region size 1024K, 3 young (3072K), 3 survivors (3072K)
 Metaspace       used 123556K, capacity 126274K, committed 128076K, reserved 1161216K
  class space    used 15125K, capacity 16120K, committed 16716K, reserved 1048576K
}

