# JRE version: OpenJDK Runtime Environment (11.0.10) (build 11.0.10+0-b96-7249189)
# Java VM: OpenJDK 64-Bit Server VM (11.0.10+0-b96-7249189, mixed mode, tiered, compressed oops, g1 gc, windows-amd64)
Heap:
 garbage-first heap   total 260096K, used 83223K [0x0000000080000000, 0x0000000100000000)
  region size 1024K, 11 young (11264K), 6 survivors (6144K)
 Metaspace       used 101233K, capacity 103745K, committed 104044K, reserved 1138688K
  class space    used 13116K, capacity 14087K, committed 14240K, reserved 1048576K
GC Heap History (20 events):
Event: 3.650 GC heap before
{Heap before GC invocations=3 (full 0):
 garbage-first heap   total 260096K, used 31991K [0x0000000080000000, 0x0000000100000000)
  region size 1024K, 26 young (26624K), 11 survivors (11264K)
 Metaspace       used 21994K, capacity 22493K, committed 22784K, reserved 1069056K
  class space    used 2782K, capacity 2968K, committed 3072K, reserved 1048576K
}
Event: 3.657 GC heap after
{Heap after GC invocations=4 (full 0):
 garbage-first heap   total 260096K, used 17173K [0x0000000080000000, 0x0000000100000000)
  region size 1024K, 1 young (1024K), 1 survivors (1024K)
 Metaspace       used 21994K, capacity 22493K, committed 22784K, reserved 1069056K
  class space    used 2782K, capacity 2968K, committed 3072K, reserved 1048576K
}
Event: 5.611 GC heap before
{Heap before GC invocations=4 (full 0):
 garbage-first heap   total 260096K, used 111381K [0x0000000080000000, 0x0000000100000000)
  region size 1024K, 95 young (97280K), 1 survivors (1024K)
 Metaspace       used 35041K, capacity 35798K, committed 35840K, reserved 1081344K
  class space    used 4546K, capacity 4832K, committed 4864K, reserved 1048576K
}
Event: 5.621 GC heap after
{Heap after GC invocations=5 (full 0):
 garbage-first heap   total 260096K, used 21683K [0x0000000080000000, 0x0000000100000000)
  region size 1024K, 6 young (6144K), 6 survivors (6144K)
 Metaspace       used 35041K, capacity 35798K, committed 35840K, reserved 1081344K
  class space    used 4546K, capacity 4832K, committed 4864K, reserved 1048576K
}
Event: 7.459 GC heap before
{Heap before GC invocations=6 (full 0):
 garbage-first heap   total 260096K, used 146611K [0x0000000080000000, 0x0000000100000000)
  region size 1024K, 125 young (128000K), 6 survivors (6144K)
 Metaspace       used 44912K, capacity 46093K, committed 46208K, reserved 1089536K
  class space    used 5781K, capacity 6187K, committed 6272K, reserved 1048576K
}
Event: 7.471 GC heap after
{Heap after GC invocations=7 (full 0):
 garbage-first heap   total 260096K, used 28469K [0x0000000080000000, 0x0000000100000000)
  region size 1024K, 12 young (12288K), 12 survivors (12288K)
 Metaspace       used 44912K, capacity 46093K, committed 46208K, reserved 1089536K
  class space    used 5781K, capacity 6187K, committed 6272K, reserved 1048576K
}
Event: 10.932 GC heap before
{Heap before GC invocations=7 (full 0):
 garbage-first heap   total 260096K, used 160565K [0x0000000080000000, 0x0000000100000000)
  region size 1024K, 139 young (142336K), 12 survivors (12288K)
 Metaspace       used 58568K, capacity 60100K, committed 60160K, reserved 1101824K
  class space    used 7399K, capacity 7933K, committed 7936K, reserved 1048576K
}
Event: 10.977 GC heap after
{Heap after GC invocations=8 (full 0):
 garbage-first heap   total 260096K, used 43054K [0x0000000080000000, 0x0000000100000000)
  region size 1024K, 18 young (18432K), 18 survivors (18432K)
 Metaspace       used 58568K, capacity 60100K, committed 60160K, reserved 1101824K
  class space    used 7399K, capacity 7933K, committed 7936K, reserved 1048576K
}
Event: 14.814 GC heap before
{Heap before GC invocations=9 (full 0):
 garbage-first heap   total 260096K, used 180270K [0x0000000080000000, 0x0000000100000000)
  region size 1024K, 152 young (155648K), 18 survivors (18432K)
 Metaspace       used 70949K, capacity 72622K, committed 72780K, reserved 1112064K
  class space    used 9165K, capacity 9777K, committed 9856K, reserved 1048576K
}
Event: 14.835 GC heap after
{Heap after GC invocations=10 (full 0):
 garbage-first heap   total 260096K, used 54051K [0x0000000080000000, 0x0000000100000000)
  region size 1024K, 12 young (12288K), 12 survivors (12288K)
 Metaspace       used 70949K, capacity 72622K, committed 72780K, reserved 1112064K
  class space    used 9165K, capacity 9777K, committed 9856K, reserved 1048576K
}
Event: 17.316 GC heap before
{Heap before GC invocations=10 (full 0):
 garbage-first heap   total 260096K, used 196387K [0x0000000080000000, 0x0000000100000000)
  region size 1024K, 152 young (155648K), 12 survivors (12288K)
 Metaspace       used 82213K, capacity 84475K, committed 84812K, reserved 1122304K
  class space    used 10700K, capacity 11539K, committed 11648K, reserved 1048576K
}
Event: 17.337 GC heap after
{Heap after GC invocations=11 (full 0):
 garbage-first heap   total 260096K, used 65622K [0x0000000080000000, 0x0000000100000000)
  region size 1024K, 12 young (12288K), 12 survivors (12288K)
 Metaspace       used 82213K, capacity 84475K, committed 84812K, reserved 1122304K
  class space    used 10700K, capacity 11539K, committed 11648K, reserved 1048576K
}
Event: 20.729 GC heap before
{Heap before GC invocations=11 (full 0):
 garbage-first heap   total 260096K, used 201814K [0x0000000080000000, 0x0000000100000000)
  region size 1024K, 143 young (146432K), 12 survivors (12288K)
 Metaspace       used 87934K, capacity 90233K, committed 90572K, reserved 1128448K
  class space    used 11364K, capacity 12185K, committed 12288K, reserved 1048576K
}
Event: 20.741 GC heap after
{Heap after GC invocations=12 (full 0):
 garbage-first heap   total 260096K, used 68367K [0x0000000080000000, 0x0000000100000000)
  region size 1024K, 4 young (4096K), 4 survivors (4096K)
 Metaspace       used 87934K, capacity 90233K, committed 90572K, reserved 1128448K
  class space    used 11364K, capacity 12185K, committed 12288K, reserved 1048576K
}
Event: 22.507 GC heap before
{Heap before GC invocations=12 (full 0):
 garbage-first heap   total 260096K, used 204559K [0x0000000080000000, 0x0000000100000000)
  region size 1024K, 138 young (141312K), 4 survivors (4096K)
 Metaspace       used 93580K, capacity 95981K, committed 96204K, reserved 1132544K
  class space    used 12079K, capacity 12978K, committed 13056K, reserved 1048576K
}
Event: 22.520 GC heap after
{Heap after GC invocations=13 (full 0):
 garbage-first heap   total 260096K, used 75574K [0x0000000080000000, 0x0000000100000000)
  region size 1024K, 11 young (11264K), 11 survivors (11264K)
 Metaspace       used 93580K, capacity 95981K, committed 96204K, reserved 1132544K
  class space    used 12079K, capacity 12978K, committed 13056K, reserved 1048576K
}
Event: 23.183 GC heap before
{Heap before GC invocations=13 (full 0):
 garbage-first heap   total 260096K, used 122678K [0x0000000080000000, 0x0000000100000000)
  region size 1024K, 57 young (58368K), 11 survivors (11264K)
 Metaspace       used 98108K, capacity 100725K, committed 100812K, reserved 1136640K
  class space    used 12784K, capacity 13786K, committed 13824K, reserved 1048576K
}
Event: 23.210 GC heap after
{Heap after GC invocations=14 (full 0):
 garbage-first heap   total 260096K, used 78675K [0x0000000080000000, 0x0000000100000000)
  region size 1024K, 12 young (12288K), 12 survivors (12288K)
 Metaspace       used 98108K, capacity 100725K, committed 100812K, reserved 1136640K
  class space    used 12784K, capacity 13786K, committed 13824K, reserved 1048576K
}
Event: 24.649 GC heap before
{Heap before GC invocations=15 (full 0):
 garbage-first heap   total 260096K, used 204627K [0x0000000080000000, 0x0000000100000000)
  region size 1024K, 135 young (138240K), 12 survivors (12288K)
 Metaspace       used 101200K, capacity 103743K, committed 104044K, reserved 1138688K
  class space    used 13116K, capacity 14087K, committed 14240K, reserved 1048576K
}
Event: 24.674 GC heap after
{Heap after GC invocations=16 (full 0):
 garbage-first heap   total 260096K, used 79127K [0x0000000080000000, 0x0000000100000000)
  region size 1024K, 6 young (6144K), 6 survivors (6144K)
 Metaspace       used 101200K, capacity 103743K, committed 104044K, reserved 1138688K
  class space    used 13116K, capacity 14087K, committed 14240K, reserved 1048576K
}

